Determining if the pthread_create exist failed with the following output:
Change Dir: /home/arc/groot_ws/build/CMakeFiles/CMakeTmp

Run Build Command:"/usr/bin/make" "cmTC_82ed0/fast"
/usr/bin/make -f CMakeFiles/cmTC_82ed0.dir/build.make CMakeFiles/cmTC_82ed0.dir/build
make[1]: Entering directory '/home/arc/groot_ws/build/CMakeFiles/CMakeTmp'
Building C object CMakeFiles/cmTC_82ed0.dir/CheckSymbolExists.c.o
/usr/bin/cc    -o CMakeFiles/cmTC_82ed0.dir/CheckSymbolExists.c.o   -c /home/arc/groot_ws/build/CMakeFiles/CMakeTmp/CheckSymbolExists.c
Linking C executable cmTC_82ed0
/usr/bin/cmake -E cmake_link_script CMakeFiles/cmTC_82ed0.dir/link.txt --verbose=1
/usr/bin/cc      -rdynamic CMakeFiles/cmTC_82ed0.dir/CheckSymbolExists.c.o  -o cmTC_82ed0 
CMakeFiles/cmTC_82ed0.dir/CheckSymbolExists.c.o: In function `main':
CheckSymbolExists.c:(.text+0x14): undefined reference to `pthread_create'
CheckSymbolExists.c:(.text+0x18): undefined reference to `pthread_create'
collect2: error: ld returned 1 exit status
CMakeFiles/cmTC_82ed0.dir/build.make:97: recipe for target 'cmTC_82ed0' failed
make[1]: *** [cmTC_82ed0] Error 1
make[1]: Leaving directory '/home/arc/groot_ws/build/CMakeFiles/CMakeTmp'
Makefile:126: recipe for target 'cmTC_82ed0/fast' failed
make: *** [cmTC_82ed0/fast] Error 2

File /home/arc/groot_ws/build/CMakeFiles/CMakeTmp/CheckSymbolExists.c:
/* */
#include <pthread.h>

int main(int argc, char** argv)
{
  (void)argv;
#ifndef pthread_create
  return ((int*)(&pthread_create))[argc];
#else
  (void)argc;
  return 0;
#endif
}

Determining if the function pthread_create exists in the pthreads failed with the following output:
Change Dir: /home/arc/groot_ws/build/CMakeFiles/CMakeTmp

Run Build Command:"/usr/bin/make" "cmTC_d6b96/fast"
/usr/bin/make -f CMakeFiles/cmTC_d6b96.dir/build.make CMakeFiles/cmTC_d6b96.dir/build
make[1]: Entering directory '/home/arc/groot_ws/build/CMakeFiles/CMakeTmp'
Building C object CMakeFiles/cmTC_d6b96.dir/CheckFunctionExists.c.o
/usr/bin/cc   -DCHECK_FUNCTION_EXISTS=pthread_create   -o CMakeFiles/cmTC_d6b96.dir/CheckFunctionExists.c.o   -c /usr/share/cmake-3.10/Modules/CheckFunctionExists.c
Linking C executable cmTC_d6b96
/usr/bin/cmake -E cmake_link_script CMakeFiles/cmTC_d6b96.dir/link.txt --verbose=1
/usr/bin/cc  -DCHECK_FUNCTION_EXISTS=pthread_create    -rdynamic CMakeFiles/cmTC_d6b96.dir/CheckFunctionExists.c.o  -o cmTC_d6b96 -lpthreads 
/usr/bin/ld: cannot find -lpthreads
collect2: error: ld returned 1 exit status
CMakeFiles/cmTC_d6b96.dir/build.make:97: recipe for target 'cmTC_d6b96' failed
make[1]: *** [cmTC_d6b96] Error 1
make[1]: Leaving directory '/home/arc/groot_ws/build/CMakeFiles/CMakeTmp'
Makefile:126: recipe for target 'cmTC_d6b96/fast' failed
make: *** [cmTC_d6b96/fast] Error 2


Performing C SOURCE FILE Test CMAKE_HAVE_LIBC_PTHREAD failed with the following output:
Change Dir: /home/arc/groot_ws/build/CMakeFiles/CMakeTmp

Run Build Command(s):/usr/bin/make cmTC_9cfe0/fast && /usr/bin/make  -f CMakeFiles/cmTC_9cfe0.dir/build.make CMakeFiles/cmTC_9cfe0.dir/build
make[1]: Entering directory '/home/arc/groot_ws/build/CMakeFiles/CMakeTmp'
Building C object CMakeFiles/cmTC_9cfe0.dir/src.c.o
/usr/bin/cc -DCMAKE_HAVE_LIBC_PTHREAD   -o CMakeFiles/cmTC_9cfe0.dir/src.c.o -c /home/arc/groot_ws/build/CMakeFiles/CMakeTmp/src.c
Linking C executable cmTC_9cfe0
/usr/local/bin/cmake -E cmake_link_script CMakeFiles/cmTC_9cfe0.dir/link.txt --verbose=1
/usr/bin/cc -rdynamic CMakeFiles/cmTC_9cfe0.dir/src.c.o -o cmTC_9cfe0 
CMakeFiles/cmTC_9cfe0.dir/src.c.o: In function `main':
src.c:(.text+0x48): undefined reference to `pthread_create'
src.c:(.text+0x50): undefined reference to `pthread_detach'
src.c:(.text+0x58): undefined reference to `pthread_cancel'
src.c:(.text+0x64): undefined reference to `pthread_join'
src.c:(.text+0x74): undefined reference to `pthread_atfork'
collect2: error: ld returned 1 exit status
CMakeFiles/cmTC_9cfe0.dir/build.make:105: recipe for target 'cmTC_9cfe0' failed
make[1]: *** [cmTC_9cfe0] Error 1
make[1]: Leaving directory '/home/arc/groot_ws/build/CMakeFiles/CMakeTmp'
Makefile:140: recipe for target 'cmTC_9cfe0/fast' failed
make: *** [cmTC_9cfe0/fast] Error 2


Source file was:
#include <pthread.h>

static void* test_func(void* data)
{
  return data;
}

int main(void)
{
  pthread_t thread;
  pthread_create(&thread, NULL, test_func, NULL);
  pthread_detach(thread);
  pthread_cancel(thread);
  pthread_join(thread, NULL);
  pthread_atfork(NULL, NULL, NULL);
  pthread_exit(NULL);

  return 0;
}

Determining if the include file FL/Fl.H exists failed with the following output:
Change Dir: /home/arc/groot_ws/build/CMakeFiles/CMakeTmp

Run Build Command(s):/usr/bin/make cmTC_9c280/fast && /usr/bin/make  -f CMakeFiles/cmTC_9c280.dir/build.make CMakeFiles/cmTC_9c280.dir/build
make[1]: Entering directory '/home/arc/groot_ws/build/CMakeFiles/CMakeTmp'
Building CXX object CMakeFiles/cmTC_9c280.dir/CheckIncludeFile.cxx.o
/usr/bin/c++    -o CMakeFiles/cmTC_9c280.dir/CheckIncludeFile.cxx.o -c /home/arc/groot_ws/build/CMakeFiles/CMakeTmp/CheckIncludeFile.cxx
/home/arc/groot_ws/build/CMakeFiles/CMakeTmp/CheckIncludeFile.cxx:1:10: fatal error: FL/Fl.H: No such file or directory
 #include <FL/Fl.H>
          ^~~~~~~~~
compilation terminated.
CMakeFiles/cmTC_9c280.dir/build.make:84: recipe for target 'CMakeFiles/cmTC_9c280.dir/CheckIncludeFile.cxx.o' failed
make[1]: *** [CMakeFiles/cmTC_9c280.dir/CheckIncludeFile.cxx.o] Error 1
make[1]: Leaving directory '/home/arc/groot_ws/build/CMakeFiles/CMakeTmp'
Makefile:140: recipe for target 'cmTC_9c280/fast' failed
make: *** [cmTC_9c280/fast] Error 2



Determining if the include file pgm.h exists failed with the following output:
Change Dir: /home/arc/groot_ws/build/CMakeFiles/CMakeTmp

Run Build Command(s):/usr/bin/make cmTC_4996b/fast && /usr/bin/make  -f CMakeFiles/cmTC_4996b.dir/build.make CMakeFiles/cmTC_4996b.dir/build
make[1]: Entering directory '/home/arc/groot_ws/build/CMakeFiles/CMakeTmp'
Building CXX object CMakeFiles/cmTC_4996b.dir/CheckIncludeFile.cxx.o
/usr/bin/c++    -o CMakeFiles/cmTC_4996b.dir/CheckIncludeFile.cxx.o -c /home/arc/groot_ws/build/CMakeFiles/CMakeTmp/CheckIncludeFile.cxx
/home/arc/groot_ws/build/CMakeFiles/CMakeTmp/CheckIncludeFile.cxx:1:10: fatal error: pgm.h: No such file or directory
 #include <pgm.h>
          ^~~~~~~
compilation terminated.
CMakeFiles/cmTC_4996b.dir/build.make:84: recipe for target 'CMakeFiles/cmTC_4996b.dir/CheckIncludeFile.cxx.o' failed
make[1]: *** [CMakeFiles/cmTC_4996b.dir/CheckIncludeFile.cxx.o] Error 1
make[1]: Leaving directory '/home/arc/groot_ws/build/CMakeFiles/CMakeTmp'
Makefile:140: recipe for target 'cmTC_4996b/fast' failed
make: *** [cmTC_4996b/fast] Error 2



